<?xml version="1.0" encoding="UTF-8"?>
<!-- Generated by org.testng.reporters.JUnitReportReporter -->
<testsuite hostname="DESKTOP-B9IEF7A" failures="0" tests="2" name="day3.Forgotpassword" time="0.026" errors="0" timestamp="2022-12-16T23:11:33 IST" skipped="0">
  <testcase classname="day3.Forgotpassword" name="forgotpasswordwithMobileNO" time="0.006"/>
  <system-out/>
  <testcase classname="day3.Forgotpassword" name="forgotpasswordwithemailID" time="0.020"/>
  <system-out/>
</testsuite> <!-- day3.Forgotpassword -->
