<?xml version="1.0" encoding="UTF-8"?>
<!-- Generated by org.testng.reporters.JUnitReportReporter -->
<testsuite hostname="DESKTOP-B9IEF7A" failures="0" tests="3" name="day2.Login" time="0.022" errors="0" timestamp="2022-12-16T23:11:33 IST" skipped="0">
  <testcase classname="day2.Login" name="blankuserAndpassLogin" time="0.005"/>
  <system-out/>
  <testcase classname="day2.Login" name="InvalidLogin" time="0.014"/>
  <system-out/>
  <testcase classname="day2.Login" name="validLogin" time="0.003"/>
  <system-out/>
</testsuite> <!-- day2.Login -->
