<?xml version="1.0" encoding="UTF-8"?>
<!-- Generated by org.testng.reporters.JUnitReportReporter -->
<testsuite hostname="DESKTOP-B9IEF7A" failures="0" tests="2" name="sanity.Homepage" time="0.410" errors="0" timestamp="2022-12-31T21:10:25 IST" skipped="0">
  <testcase classname="sanity.Homepage" name="verifyLoginbyEmail" time="0.008"/>
  <system-out/>
  <testcase classname="sanity.Homepage" name="loginByMobileNumber" time="0.402"/>
  <system-out/>
</testsuite> <!-- sanity.Homepage -->
