<?xml version="1.0" encoding="UTF-8"?>
<!-- Generated by org.testng.reporters.JUnitReportReporter -->
<testsuite hostname="DESKTOP-B9IEF7A" failures="0" tests="3" name="Functionaltest.product" time="0.021" errors="0" timestamp="2022-12-31T21:10:25 IST" skipped="0">
  <testcase classname="Functionaltest.product" name="verifyGrocery" time="0.006"/>
  <system-out/>
  <testcase classname="Functionaltest.product" name="verifyelectronic" time="0.009"/>
  <system-out/>
  <testcase classname="Functionaltest.product" name="verifyHouseholdItoms" time="0.006"/>
  <system-out/>
</testsuite> <!-- Functionaltest.product -->
