<?xml version="1.0" encoding="UTF-8"?>
<!-- Generated by org.testng.reporters.JUnitReportReporter -->
<testsuite hostname="DESKTOP-B9IEF7A" failures="0" tests="2" name="day1.registration" time="2.136" errors="0" timestamp="2022-12-16T23:11:33 IST" skipped="0">
  <testcase classname="day1.registration" name="resist1" time="2.130"/>
  <system-out/>
  <testcase classname="day1.registration" name="resist2" time="0.006"/>
  <system-out/>
</testsuite> <!-- day1.registration -->
