<?xml version="1.0" encoding="UTF-8"?>
<!-- Generated by org.testng.reporters.JUnitReportReporter -->
<testsuite hostname="DESKTOP-B9IEF7A" failures="0" tests="2" name="day3.Forgotpassword" time="0.007" errors="0" timestamp="2022-12-16T23:57:18 IST" skipped="0">
  <testcase classname="day3.Forgotpassword" name="forgotpasswordwithemailID" time="0.004"/>
  <system-out/>
  <testcase classname="day3.Forgotpassword" name="forgotpasswordwithMobileNO" time="0.003"/>
  <system-out/>
</testsuite> <!-- day3.Forgotpassword -->
