<?xml version="1.0" encoding="UTF-8"?>
<!-- Generated by org.testng.reporters.JUnitReportReporter -->
<testsuite hostname="DESKTOP-B9IEF7A" failures="0" tests="4" name="Functionaltest.payment" time="0.021" errors="0" timestamp="2022-12-31T21:54:29 IST" skipped="0">
  <testcase classname="Functionaltest.payment" name="verifyCreditCard" time="0.004"/>
  <system-out/>
  <testcase classname="Functionaltest.payment" name="verifyDebitCard" time="0.005"/>
  <system-out/>
  <testcase classname="Functionaltest.payment" name="verifyUPI" time="0.008"/>
  <system-out/>
  <testcase classname="Functionaltest.payment" name="verifyNetBanking" time="0.004"/>
  <system-out/>
</testsuite> <!-- Functionaltest.payment -->
