<?xml version="1.0" encoding="UTF-8"?>
<!-- Generated by org.testng.reporters.JUnitReportReporter -->
<testsuite hostname="DESKTOP-B9IEF7A" failures="0" tests="3" name="sanity.Login" time="0.015" errors="0" timestamp="2022-12-31T21:54:29 IST" skipped="0">
  <testcase classname="sanity.Login" name="verifysignInButton" time="0.006"/>
  <system-out/>
  <testcase classname="sanity.Login" name="verifysearch" time="0.004"/>
  <system-out/>
  <testcase classname="sanity.Login" name="verifyItems" time="0.005"/>
  <system-out/>
</testsuite> <!-- sanity.Login -->
